<?xml version="1.0" encoding="UTF-8"?>
<testng-results ignored="0" total="1" passed="1" failed="0" skipped="0">
  <reporter-output>
  </reporter-output>
  <suite started-at="2023-04-23T12:54:08 IST" name="Default suite" finished-at="2023-04-23T12:54:08 IST" duration-ms="63">
    <groups>
    </groups>
    <test started-at="2023-04-23T12:54:08 IST" name="Default test" finished-at="2023-04-23T12:54:08 IST" duration-ms="63">
      <class name="Arrays.CharArray">
        <test-method signature="charArrayLearning()[pri:0, instance:Arrays.CharArray@6c779568]" started-at="2023-04-23T12:54:08 IST" name="charArrayLearning" finished-at="2023-04-23T12:54:08 IST" duration-ms="13" status="PASS">
          <reporter-output>
          </reporter-output>
        </test-method> <!-- charArrayLearning -->
      </class> <!-- Arrays.CharArray -->
    </test> <!-- Default test -->
  </suite> <!-- Default suite -->
</testng-results>
